<?xml version="1.0" encoding="UTF-8"?>
<testsuite xmlns:xsi="http://www.w3.org/2001/XMLSchema-instance" xsi:noNamespaceSchemaLocation="https://maven.apache.org/surefire/maven-surefire-plugin/xsd/surefire-test-report.xsd" name="com.mulesoft.training.HelloMavenTest" time="7.233" tests="2" errors="1" skipped="0" failures="0">
  <properties>
    <property name="gopherProxySet" value="false"/>
    <property name="awt.toolkit" value="sun.lwawt.macosx.LWCToolkit"/>
    <property name="file.encoding.pkg" value="sun.io"/>
    <property name="java.specification.version" value="1.8"/>
    <property name="sun.cpu.isalist" value=""/>
    <property name="sun.jnu.encoding" value="UTF-8"/>
    <property name="java.class.path" value="/Users/maxgolov/work/studio/APAdvance_20171002/maven-project/target/test-classes:/Users/maxgolov/work/studio/APAdvance_20171002/maven-project/target/classes:/Users/maxgolov/.m2/repository/com/mulesoft/muleesb/mule-core-ee/3.8.5/mule-core-ee-3.8.5.jar:/Users/maxgolov/.m2/repository/org/mule/mule-core/3.8.5/mule-core-3.8.5.jar:/Users/maxgolov/.m2/repository/org/mule/extensions/mule-extensions-api/1.0.0-alpha-1/mule-extensions-api-1.0.0-alpha-1.jar:/Users/maxgolov/.m2/repository/commons-beanutils/commons-beanutils/1.9.3/commons-beanutils-1.9.3.jar:/Users/maxgolov/.m2/repository/com/github/stephenc/eaio-uuid/uuid/3.4.0/uuid-3.4.0.jar:/Users/maxgolov/.m2/repository/com/github/stephenc/eaio-grabbag/grabbag/1.8.1/grabbag-1.8.1.jar:/Users/maxgolov/.m2/repository/commons-cli/commons-cli/1.2/commons-cli-1.2.jar:/Users/maxgolov/.m2/repository/commons-collections/commons-collections/3.2.2/commons-collections-3.2.2.jar:/Users/maxgolov/.m2/repository/commons-io/commons-io/2.4/commons-io-2.4.jar:/Users/maxgolov/.m2/repository/commons-lang/commons-lang/2.4/commons-lang-2.4.jar:/Users/maxgolov/.m2/repository/commons-pool/commons-pool/1.6/commons-pool-1.6.jar:/Users/maxgolov/.m2/repository/org/apache/geronimo/specs/geronimo-jta_1.1_spec/1.1.1/geronimo-jta_1.1_spec-1.1.1.jar:/Users/maxgolov/.m2/repository/org/apache/geronimo/specs/geronimo-j2ee-connector_1.5_spec/2.0.0/geronimo-j2ee-connector_1.5_spec-2.0.0.jar:/Users/maxgolov/.m2/repository/javax/inject/javax.inject/1/javax.inject-1.jar:/Users/maxgolov/.m2/repository/com/lmax/disruptor/3.3.0/disruptor-3.3.0.jar:/Users/maxgolov/.m2/repository/org/apache/logging/log4j/log4j-api/2.8.2/log4j-api-2.8.2.jar:/Users/maxgolov/.m2/repository/org/apache/logging/log4j/log4j-core/2.8.2/log4j-core-2.8.2.jar:/Users/maxgolov/.m2/repository/org/apache/logging/log4j/log4j-slf4j-impl/2.8.2/log4j-slf4j-impl-2.8.2.jar:/Users/maxgolov/.m2/repository/org/apache/logging/log4j/log4j-1.2-api/2.8.2/log4j-1.2-api-2.8.2.jar:/Users/maxgolov/.m2/repository/org/apache/logging/log4j/log4j-jcl/2.8.2/log4j-jcl-2.8.2.jar:/Users/maxgolov/.m2/repository/commons-logging/commons-logging/1.2/commons-logging-1.2.jar:/Users/maxgolov/.m2/repository/org/slf4j/jcl-over-slf4j/1.7.24/jcl-over-slf4j-1.7.24.jar:/Users/maxgolov/.m2/repository/org/apache/logging/log4j/log4j-jul/2.8.2/log4j-jul-2.8.2.jar:/Users/maxgolov/.m2/repository/asm/asm/3.1/asm-3.1.jar:/Users/maxgolov/.m2/repository/asm/asm-commons/3.1/asm-commons-3.1.jar:/Users/maxgolov/.m2/repository/asm/asm-tree/3.1/asm-tree-3.1.jar:/Users/maxgolov/.m2/repository/org/mule/mvel/mule-mvel2/2.1.9-MULE-012/mule-mvel2-2.1.9-MULE-012.jar:/Users/maxgolov/.m2/repository/org/jgrapht/jgrapht-jdk1.5/0.7.3/jgrapht-jdk1.5-0.7.3.jar:/Users/maxgolov/.m2/repository/com/mulesoft/licm/licm/1.1.5/licm-1.1.5.jar:/Users/maxgolov/.m2/repository/de/schlichtherle/truelicense/1.29/truelicense-1.29.jar:/Users/maxgolov/.m2/repository/de/schlichtherle/truexml/1.29/truexml-1.29.jar:/Users/maxgolov/.m2/repository/opensymphony/propertyset/1.3/propertyset-1.3.jar:/Users/maxgolov/.m2/repository/opensymphony/oscore/2.2.4/oscore-2.2.4.jar:/Users/maxgolov/.m2/repository/org/aspectj/aspectjrt/1.8.5/aspectjrt-1.8.5.jar:/Users/maxgolov/.m2/repository/com/mulesoft/muleesb/modules/mule-module-spring-config-ee/3.8.5/mule-module-spring-config-ee-3.8.5.jar:/Users/maxgolov/.m2/repository/com/mulesoft/muleesb/modules/mule-module-multi-tx-ee/3.8.5/mule-module-multi-tx-ee-3.8.5.jar:/Users/maxgolov/.m2/repository/com/mulesoft/muleesb/modules/mule-module-xa-tx-ee/3.8.5/mule-module-xa-tx-ee-3.8.5.jar:/Users/maxgolov/.m2/repository/com/mulesoft/muleesb/modules/mule-module-cache-ee/3.8.5/mule-module-cache-ee-3.8.5.jar:/Users/maxgolov/.m2/repository/org/springframework/spring-context/4.1.9.RELEASE/spring-context-4.1.9.RELEASE.jar:/Users/maxgolov/.m2/repository/org/springframework/spring-core/4.1.9.RELEASE/spring-core-4.1.9.RELEASE.jar:/Users/maxgolov/.m2/repository/org/springframework/spring-expression/4.1.9.RELEASE/spring-expression-4.1.9.RELEASE.jar:/Users/maxgolov/.m2/repository/org/mule/transports/mule-transport-file/3.8.5/mule-transport-file-3.8.5.jar:/Users/maxgolov/.m2/repository/org/mule/transports/mule-transport-http/3.8.5/mule-transport-http-3.8.5.jar:/Users/maxgolov/.m2/repository/org/mule/transports/mule-transport-ssl/3.8.5/mule-transport-ssl-3.8.5.jar:/Users/maxgolov/.m2/repository/commons-codec/commons-codec/1.9/commons-codec-1.9.jar:/Users/maxgolov/.m2/repository/commons-httpclient/commons-httpclient/3.1/commons-httpclient-3.1.jar:/Users/maxgolov/.m2/repository/org/apache/tomcat/coyote/6.0.53/coyote-6.0.53.jar:/Users/maxgolov/.m2/repository/org/apache/tomcat/juli/6.0.53/juli-6.0.53.jar:/Users/maxgolov/.m2/repository/org/samba/jcifs/jcifs/1.3.3/jcifs-1.3.3.jar:/Users/maxgolov/.m2/repository/joda-time/joda-time/2.9.1/joda-time-2.9.1.jar:/Users/maxgolov/.m2/repository/com/mulesoft/muleesb/transports/mule-transport-jdbc-ee/3.8.5/mule-transport-jdbc-ee-3.8.5.jar:/Users/maxgolov/.m2/repository/org/mule/transports/mule-transport-jdbc/3.8.5/mule-transport-jdbc-3.8.5.jar:/Users/maxgolov/.m2/repository/net/sf/flatpack/flatpack/3.1.1/flatpack-3.1.1.jar:/Users/maxgolov/.m2/repository/org/jdom/jdom/2.0.2/jdom-2.0.2.jar:/Users/maxgolov/.m2/repository/dom4j/dom4j/1.6.1/dom4j-1.6.1.jar:/Users/maxgolov/.m2/repository/com/mulesoft/muleesb/transports/mule-transport-jms-ee/3.8.5/mule-transport-jms-ee-3.8.5.jar:/Users/maxgolov/.m2/repository/org/mule/transports/mule-transport-vm/3.8.5/mule-transport-vm-3.8.5.jar:/Users/maxgolov/.m2/repository/org/mule/modules/mule-module-scripting/3.8.5/mule-module-scripting-3.8.5.jar:/Users/maxgolov/.m2/repository/org/springframework/spring-aop/4.1.9.RELEASE/spring-aop-4.1.9.RELEASE.jar:/Users/maxgolov/.m2/repository/aopalliance/aopalliance/1.0/aopalliance-1.0.jar:/Users/maxgolov/.m2/repository/org/mule/modules/mule-module-builders/3.8.5/mule-module-builders-3.8.5.jar:/Users/maxgolov/.m2/repository/org/springframework/spring-web/4.1.9.RELEASE/spring-web-4.1.9.RELEASE.jar:/Users/maxgolov/.m2/repository/org/codehaus/groovy/groovy-all/2.4.4/groovy-all-2.4.4-indy.jar:/Users/maxgolov/.m2/repository/org/python/jython-standalone/2.7.0/jython-standalone-2.7.0.jar:/Users/maxgolov/.m2/repository/javax/script/js-engine/1.1/js-engine-1.1-jdk14.jar:/Users/maxgolov/.m2/repository/org/mozilla/rhino/1.7R4/rhino-1.7R4.jar:/Users/maxgolov/.m2/repository/org/mule/modules/mule-module-scripting-jruby/3.8.5/mule-module-scripting-jruby-3.8.5.jar:/Users/maxgolov/.m2/repository/org/jruby/jruby-core/1.7.27/jruby-core-1.7.27.jar:/Users/maxgolov/.m2/repository/org/ow2/asm/asm-commons/5.0.3/asm-commons-5.0.3.jar:/Users/maxgolov/.m2/repository/org/ow2/asm/asm-tree/5.0.3/asm-tree-5.0.3.jar:/Users/maxgolov/.m2/repository/org/ow2/asm/asm-analysis/5.0.3/asm-analysis-5.0.3.jar:/Users/maxgolov/.m2/repository/org/ow2/asm/asm-util/5.0.3/asm-util-5.0.3.jar:/Users/maxgolov/.m2/repository/org/jruby/jruby-stdlib/1.7.27/jruby-stdlib-1.7.27.jar:/Users/maxgolov/.m2/repository/org/jruby/joni/joni/2.1.9/joni-2.1.9.jar:/Users/maxgolov/.m2/repository/com/github/jnr/jnr-netdb/1.1.2/jnr-netdb-1.1.2.jar:/Users/maxgolov/.m2/repository/com/github/jnr/jnr-enxio/0.9/jnr-enxio-0.9.jar:/Users/maxgolov/.m2/repository/com/github/jnr/jnr-x86asm/1.0.2/jnr-x86asm-1.0.2.jar:/Users/maxgolov/.m2/repository/com/github/jnr/jnr-unixsocket/0.8/jnr-unixsocket-0.8.jar:/Users/maxgolov/.m2/repository/com/github/jnr/jnr-posix/3.0.27/jnr-posix-3.0.27.jar:/Users/maxgolov/.m2/repository/org/jruby/extras/bytelist/1.0.11/bytelist-1.0.11.jar:/Users/maxgolov/.m2/repository/com/github/jnr/jnr-constants/0.9.0/jnr-constants-0.9.0.jar:/Users/maxgolov/.m2/repository/org/jruby/jcodings/jcodings/1.0.16/jcodings-1.0.16.jar:/Users/maxgolov/.m2/repository/com/github/jnr/jnr-ffi/2.0.5/jnr-ffi-2.0.5.jar:/Users/maxgolov/.m2/repository/com/github/jnr/jffi/1.2.10/jffi-1.2.10.jar:/Users/maxgolov/.m2/repository/com/github/jnr/jffi/1.2.10/jffi-1.2.10-native.jar:/Users/maxgolov/.m2/repository/org/yaml/snakeyaml/1.15/snakeyaml-1.15.jar:/Users/maxgolov/.m2/repository/com/jcraft/jzlib/1.1.3/jzlib-1.1.3.jar:/Users/maxgolov/.m2/repository/com/headius/invokebinder/1.2/invokebinder-1.2.jar:/Users/maxgolov/.m2/repository/com/headius/options/1.3/options-1.3.jar:/Users/maxgolov/.m2/repository/com/martiansoftware/nailgun-server/0.9.1/nailgun-server-0.9.1.jar:/Users/maxgolov/.m2/repository/org/jruby/yecht/1.1/yecht-1.1-jruby.jar:/Users/maxgolov/.m2/repository/org/mule/modules/mule-module-xml/3.8.5/mule-module-xml-3.8.5.jar:/Users/maxgolov/.m2/repository/commons-jxpath/commons-jxpath/1.3/commons-jxpath-1.3.jar:/Users/maxgolov/.m2/repository/com/thoughtworks/xstream/xstream/1.4.10/xstream-1.4.10.jar:/Users/maxgolov/.m2/repository/xmlpull/xmlpull/1.1.3.1/xmlpull-1.1.3.1.jar:/Users/maxgolov/.m2/repository/xpp3/xpp3_min/1.1.3.4.O/xpp3_min-1.1.3.4.O.jar:/Users/maxgolov/.m2/repository/org/codehaus/woodstox/woodstox-core-asl/4.4.1/woodstox-core-asl-4.4.1.jar:/Users/maxgolov/.m2/repository/jaxen/jaxen/1.1.1/jaxen-1.1.1.jar:/Users/maxgolov/.m2/repository/jdom/jdom/1.0/jdom-1.0.jar:/Users/maxgolov/.m2/repository/net/java/dev/stax-utils/stax-utils/20080702/stax-utils-20080702.jar:/Users/maxgolov/.m2/repository/net/sf/saxon/Saxon-HE/9.6.0-7/Saxon-HE-9.6.0-7.jar:/Users/maxgolov/.m2/repository/net/sf/saxon/Saxon-HE/9.6.0-7/Saxon-HE-9.6.0-7-xqj.jar:/Users/maxgolov/.m2/repository/javax/xml/xquery/xqj-api/1.0/xqj-api-1.0.jar:/Users/maxgolov/.m2/repository/org/apache/derby/derby/10.13.1.1/derby-10.13.1.1.jar:/Users/maxgolov/.m2/repository/org/apache/activemq/activemq-client/5.15.0/activemq-client-5.15.0.jar:/Users/maxgolov/.m2/repository/org/slf4j/slf4j-api/1.7.25/slf4j-api-1.7.25.jar:/Users/maxgolov/.m2/repository/org/apache/geronimo/specs/geronimo-jms_1.1_spec/1.1.1/geronimo-jms_1.1_spec-1.1.1.jar:/Users/maxgolov/.m2/repository/org/fusesource/hawtbuf/hawtbuf/1.11/hawtbuf-1.11.jar:/Users/maxgolov/.m2/repository/org/apache/geronimo/specs/geronimo-j2ee-management_1.1_spec/1.0.1/geronimo-j2ee-management_1.1_spec-1.0.1.jar:/Users/maxgolov/.m2/repository/org/apache/activemq/activemq-broker/5.15.0/activemq-broker-5.15.0.jar:/Users/maxgolov/.m2/repository/org/apache/activemq/activemq-openwire-legacy/5.15.0/activemq-openwire-legacy-5.15.0.jar:/Users/maxgolov/.m2/repository/com/google/guava/guava/18.0/guava-18.0.jar:/Users/maxgolov/.m2/repository/com/fasterxml/jackson/core/jackson-databind/2.6.7/jackson-databind-2.6.7.jar:/Users/maxgolov/.m2/repository/com/fasterxml/jackson/core/jackson-annotations/2.6.0/jackson-annotations-2.6.0.jar:/Users/maxgolov/.m2/repository/com/fasterxml/jackson/core/jackson-core/2.6.7/jackson-core-2.6.7.jar:/Users/maxgolov/.m2/repository/org/apache/activemq/activemq-kahadb-store/5.15.0/activemq-kahadb-store-5.15.0.jar:/Users/maxgolov/.m2/repository/org/apache/activemq/protobuf/activemq-protobuf/1.1/activemq-protobuf-1.1.jar:/Users/maxgolov/.m2/repository/commons-net/commons-net/3.6/commons-net-3.6.jar:/Users/maxgolov/.m2/repository/org/mule/tests/mule-tests-functional/3.8.5/mule-tests-functional-3.8.5.jar:/Users/maxgolov/.m2/repository/org/mule/modules/mule-module-extensions-support/3.8.5/mule-module-extensions-support-3.8.5.jar:/Users/maxgolov/.m2/repository/org/mule/extensions/mule-extensions-annotations/1.0.0-alpha-1/mule-extensions-annotations-1.0.0-alpha-1.jar:/Users/maxgolov/.m2/repository/org/springframework/spring-beans/4.1.9.RELEASE/spring-beans-4.1.9.RELEASE.jar:/Users/maxgolov/.m2/repository/junit/junit/4.12/junit-4.12.jar:/Users/maxgolov/.m2/repository/org/hamcrest/hamcrest-library/1.3/hamcrest-library-1.3.jar:/Users/maxgolov/.m2/repository/org/hamcrest/hamcrest-core/1.3/hamcrest-core-1.3.jar:/Users/maxgolov/.m2/repository/org/apache/ftpserver/ftpserver-core/1.0.6/ftpserver-core-1.0.6.jar:/Users/maxgolov/.m2/repository/org/apache/mina/mina-core/2.0.4/mina-core-2.0.4.jar:/Users/maxgolov/.m2/repository/org/apache/ftpserver/ftplet-api/1.0.6/ftplet-api-1.0.6.jar:/Users/maxgolov/.m2/repository/org/apache/sshd/sshd-core/1.0.0/sshd-core-1.0.0.jar:/Users/maxgolov/.m2/repository/org/bouncycastle/bcprov-jdk15on/1.56/bcprov-jdk15on-1.56.jar:/Users/maxgolov/.m2/repository/commons-dbutils/commons-dbutils/1.2/commons-dbutils-1.2.jar:/Users/maxgolov/.m2/repository/org/reflections/reflections/0.9.9/reflections-0.9.9.jar:/Users/maxgolov/.m2/repository/org/mule/mule-core/3.8.5/mule-core-3.8.5-tests.jar:/Users/maxgolov/.m2/repository/org/mockito/mockito-core/1.10.19/mockito-core-1.10.19.jar:/Users/maxgolov/.m2/repository/org/objenesis/objenesis/2.1/objenesis-2.1.jar:/Users/maxgolov/.m2/repository/org/mule/modules/mule-module-spring-config/3.8.5/mule-module-spring-config-3.8.5.jar:/Users/maxgolov/.m2/repository/org/mule/modules/mule-module-annotations/3.8.5/mule-module-annotations-3.8.5.jar:/Users/maxgolov/.m2/repository/cglib/cglib-nodep/2.2/cglib-nodep-2.2.jar:/Users/maxgolov/.m2/repository/cglib/cglib/3.2.2/cglib-3.2.2.jar:/Users/maxgolov/.m2/repository/org/ow2/asm/asm/5.0.4/asm-5.0.4.jar:/Users/maxgolov/.m2/repository/org/apache/ant/ant/1.9.6/ant-1.9.6.jar:/Users/maxgolov/.m2/repository/org/apache/ant/ant-launcher/1.9.6/ant-launcher-1.9.6.jar:/Users/maxgolov/.m2/repository/org/mule/modules/mule-module-http/3.8.5/mule-module-http-3.8.5.jar:/Users/maxgolov/.m2/repository/org/mule/transports/mule-transport-tcp/3.8.5/mule-transport-tcp-3.8.5.jar:/Users/maxgolov/.m2/repository/org/apache/geronimo/specs/geronimo-servlet_3.0_spec/1.0/geronimo-servlet_3.0_spec-1.0.jar:/Users/maxgolov/.m2/repository/org/glassfish/grizzly/grizzly-framework/2.3.29/grizzly-framework-2.3.29.jar:/Users/maxgolov/.m2/repository/org/glassfish/grizzly/grizzly-http-server/2.3.29/grizzly-http-server-2.3.29.jar:/Users/maxgolov/.m2/repository/org/glassfish/grizzly/grizzly-http/2.3.29/grizzly-http-2.3.29.jar:/Users/maxgolov/.m2/repository/org/glassfish/grizzly/connection-pool/2.3.29/connection-pool-2.3.29.jar:/Users/maxgolov/.m2/repository/javax/mail/mail/1.4.3/mail-1.4.3.jar:/Users/maxgolov/.m2/repository/com/ning/async-http-client/1.9.39/async-http-client-1.9.39.jar:/Users/maxgolov/.m2/repository/org/glassfish/grizzly/grizzly-websockets/2.3.29/grizzly-websockets-2.3.29.jar:/Users/maxgolov/.m2/repository/org/mule/modules/mule-module-db/3.8.5/mule-module-db-3.8.5.jar:/Users/maxgolov/.m2/repository/com/mchange/c3p0/0.9.5.2/c3p0-0.9.5.2.jar:/Users/maxgolov/.m2/repository/com/mchange/mchange-commons-java/0.2.11/mchange-commons-java-0.2.11.jar:/Users/maxgolov/.m2/repository/com/experlog/xapool/1.5.0/xapool-1.5.0.jar:/Users/maxgolov/.m2/repository/org/mule/common/mule-common/3.8.5/mule-common-3.8.5.jar:/Users/maxgolov/.m2/repository/org/mulesoft/xmlbeans/xmlbeans/2.3.2/xmlbeans-2.3.2.jar:/Users/maxgolov/.m2/repository/javax/xml/stream/stax-api/1.0-2/stax-api-1.0-2.jar:/Users/maxgolov/.m2/repository/org/json/json/20140107/json-20140107.jar:/Users/maxgolov/.m2/repository/org/antlr/antlr-runtime/3.5/antlr-runtime-3.5.jar:/Users/maxgolov/.m2/repository/org/antlr/stringtemplate/3.2.1/stringtemplate-3.2.1.jar:/Users/maxgolov/.m2/repository/org/mule/transports/mule-transport-jms/3.8.5/mule-transport-jms-3.8.5.jar:/Users/maxgolov/.m2/repository/org/springframework/spring-jms/4.1.9.RELEASE/spring-jms-4.1.9.RELEASE.jar:/Users/maxgolov/.m2/repository/org/springframework/spring-messaging/4.1.9.RELEASE/spring-messaging-4.1.9.RELEASE.jar:/Users/maxgolov/.m2/repository/org/springframework/spring-tx/4.1.9.RELEASE/spring-tx-4.1.9.RELEASE.jar:/Users/maxgolov/.m2/repository/org/mule/modules/mule-module-json/3.8.5/mule-module-json-3.8.5.jar:/Users/maxgolov/.m2/repository/org/mule/modules/mule-module-validation/3.8.5/mule-module-validation-3.8.5.jar:/Users/maxgolov/.m2/repository/commons-validator/commons-validator/1.4.0/commons-validator-1.4.0.jar:/Users/maxgolov/.m2/repository/commons-digester/commons-digester/1.8/commons-digester-1.8.jar:/Users/maxgolov/.m2/repository/org/mule/modules/mule-module-extensions-spring-support/3.8.5/mule-module-extensions-spring-support-3.8.5.jar:/Users/maxgolov/.m2/repository/org/codehaus/jackson/jackson-core-asl/1.9.11/jackson-core-asl-1.9.11.jar:/Users/maxgolov/.m2/repository/org/codehaus/jackson/jackson-mapper-asl/1.9.11/jackson-mapper-asl-1.9.11.jar:/Users/maxgolov/.m2/repository/org/codehaus/jackson/jackson-xc/1.9.11/jackson-xc-1.9.11.jar:/Users/maxgolov/.m2/repository/de/odysseus/staxon/staxon/1.2/staxon-1.2.jar:/Users/maxgolov/.m2/repository/org/codehaus/woodstox/stax2-api/3.1.4/stax2-api-3.1.4.jar:/Users/maxgolov/.m2/repository/com/github/fge/json-schema-validator/2.2.6/json-schema-validator-2.2.6.jar:/Users/maxgolov/.m2/repository/com/googlecode/libphonenumber/libphonenumber/6.2/libphonenumber-6.2.jar:/Users/maxgolov/.m2/repository/com/github/fge/json-schema-core/1.2.5/json-schema-core-1.2.5.jar:/Users/maxgolov/.m2/repository/com/github/fge/uri-template/0.9/uri-template-0.9.jar:/Users/maxgolov/.m2/repository/com/github/fge/msg-simple/1.1/msg-simple-1.1.jar:/Users/maxgolov/.m2/repository/com/github/fge/btf/1.2/btf-1.2.jar:/Users/maxgolov/.m2/repository/com/github/fge/jackson-coreutils/1.8/jackson-coreutils-1.8.jar:/Users/maxgolov/.m2/repository/javax/mail/mailapi/1.4.3/mailapi-1.4.3.jar:/Users/maxgolov/.m2/repository/net/sf/jopt-simple/jopt-simple/4.6/jopt-simple-4.6.jar:"/>
    <property name="java.vm.vendor" value="Oracle Corporation"/>
    <property name="sun.arch.data.model" value="64"/>
    <property name="java.vendor.url" value="http://java.oracle.com/"/>
    <property name="user.timezone" value=""/>
    <property name="user.country.format" value="NL"/>
    <property name="java.vm.specification.version" value="1.8"/>
    <property name="os.name" value="Mac OS X"/>
    <property name="user.country" value="US"/>
    <property name="sun.java.launcher" value="SUN_STANDARD"/>
    <property name="sun.boot.library.path" value="/Library/Java/JavaVirtualMachines/jdk1.8.0_131.jdk/Contents/Home/jre/lib"/>
    <property name="sun.java.command" value="/Users/maxgolov/work/studio/APAdvance_20171002/maven-project/target/surefire/surefirebooter1626378074942372524.jar /Users/maxgolov/work/studio/APAdvance_20171002/maven-project/target/surefire 2017-10-03T09-49-05_824-jvmRun1 surefire5108412348712745413tmp surefire_07771398559027061565tmp"/>
    <property name="http.nonProxyHosts" value="local|*.local|169.254/16|*.169.254/16"/>
    <property name="surefire.test.class.path" value="/Users/maxgolov/work/studio/APAdvance_20171002/maven-project/target/test-classes:/Users/maxgolov/work/studio/APAdvance_20171002/maven-project/target/classes:/Users/maxgolov/.m2/repository/com/mulesoft/muleesb/mule-core-ee/3.8.5/mule-core-ee-3.8.5.jar:/Users/maxgolov/.m2/repository/org/mule/mule-core/3.8.5/mule-core-3.8.5.jar:/Users/maxgolov/.m2/repository/org/mule/extensions/mule-extensions-api/1.0.0-alpha-1/mule-extensions-api-1.0.0-alpha-1.jar:/Users/maxgolov/.m2/repository/commons-beanutils/commons-beanutils/1.9.3/commons-beanutils-1.9.3.jar:/Users/maxgolov/.m2/repository/com/github/stephenc/eaio-uuid/uuid/3.4.0/uuid-3.4.0.jar:/Users/maxgolov/.m2/repository/com/github/stephenc/eaio-grabbag/grabbag/1.8.1/grabbag-1.8.1.jar:/Users/maxgolov/.m2/repository/commons-cli/commons-cli/1.2/commons-cli-1.2.jar:/Users/maxgolov/.m2/repository/commons-collections/commons-collections/3.2.2/commons-collections-3.2.2.jar:/Users/maxgolov/.m2/repository/commons-io/commons-io/2.4/commons-io-2.4.jar:/Users/maxgolov/.m2/repository/commons-lang/commons-lang/2.4/commons-lang-2.4.jar:/Users/maxgolov/.m2/repository/commons-pool/commons-pool/1.6/commons-pool-1.6.jar:/Users/maxgolov/.m2/repository/org/apache/geronimo/specs/geronimo-jta_1.1_spec/1.1.1/geronimo-jta_1.1_spec-1.1.1.jar:/Users/maxgolov/.m2/repository/org/apache/geronimo/specs/geronimo-j2ee-connector_1.5_spec/2.0.0/geronimo-j2ee-connector_1.5_spec-2.0.0.jar:/Users/maxgolov/.m2/repository/javax/inject/javax.inject/1/javax.inject-1.jar:/Users/maxgolov/.m2/repository/com/lmax/disruptor/3.3.0/disruptor-3.3.0.jar:/Users/maxgolov/.m2/repository/org/apache/logging/log4j/log4j-api/2.8.2/log4j-api-2.8.2.jar:/Users/maxgolov/.m2/repository/org/apache/logging/log4j/log4j-core/2.8.2/log4j-core-2.8.2.jar:/Users/maxgolov/.m2/repository/org/apache/logging/log4j/log4j-slf4j-impl/2.8.2/log4j-slf4j-impl-2.8.2.jar:/Users/maxgolov/.m2/repository/org/apache/logging/log4j/log4j-1.2-api/2.8.2/log4j-1.2-api-2.8.2.jar:/Users/maxgolov/.m2/repository/org/apache/logging/log4j/log4j-jcl/2.8.2/log4j-jcl-2.8.2.jar:/Users/maxgolov/.m2/repository/commons-logging/commons-logging/1.2/commons-logging-1.2.jar:/Users/maxgolov/.m2/repository/org/slf4j/jcl-over-slf4j/1.7.24/jcl-over-slf4j-1.7.24.jar:/Users/maxgolov/.m2/repository/org/apache/logging/log4j/log4j-jul/2.8.2/log4j-jul-2.8.2.jar:/Users/maxgolov/.m2/repository/asm/asm/3.1/asm-3.1.jar:/Users/maxgolov/.m2/repository/asm/asm-commons/3.1/asm-commons-3.1.jar:/Users/maxgolov/.m2/repository/asm/asm-tree/3.1/asm-tree-3.1.jar:/Users/maxgolov/.m2/repository/org/mule/mvel/mule-mvel2/2.1.9-MULE-012/mule-mvel2-2.1.9-MULE-012.jar:/Users/maxgolov/.m2/repository/org/jgrapht/jgrapht-jdk1.5/0.7.3/jgrapht-jdk1.5-0.7.3.jar:/Users/maxgolov/.m2/repository/com/mulesoft/licm/licm/1.1.5/licm-1.1.5.jar:/Users/maxgolov/.m2/repository/de/schlichtherle/truelicense/1.29/truelicense-1.29.jar:/Users/maxgolov/.m2/repository/de/schlichtherle/truexml/1.29/truexml-1.29.jar:/Users/maxgolov/.m2/repository/opensymphony/propertyset/1.3/propertyset-1.3.jar:/Users/maxgolov/.m2/repository/opensymphony/oscore/2.2.4/oscore-2.2.4.jar:/Users/maxgolov/.m2/repository/org/aspectj/aspectjrt/1.8.5/aspectjrt-1.8.5.jar:/Users/maxgolov/.m2/repository/com/mulesoft/muleesb/modules/mule-module-spring-config-ee/3.8.5/mule-module-spring-config-ee-3.8.5.jar:/Users/maxgolov/.m2/repository/com/mulesoft/muleesb/modules/mule-module-multi-tx-ee/3.8.5/mule-module-multi-tx-ee-3.8.5.jar:/Users/maxgolov/.m2/repository/com/mulesoft/muleesb/modules/mule-module-xa-tx-ee/3.8.5/mule-module-xa-tx-ee-3.8.5.jar:/Users/maxgolov/.m2/repository/com/mulesoft/muleesb/modules/mule-module-cache-ee/3.8.5/mule-module-cache-ee-3.8.5.jar:/Users/maxgolov/.m2/repository/org/springframework/spring-context/4.1.9.RELEASE/spring-context-4.1.9.RELEASE.jar:/Users/maxgolov/.m2/repository/org/springframework/spring-core/4.1.9.RELEASE/spring-core-4.1.9.RELEASE.jar:/Users/maxgolov/.m2/repository/org/springframework/spring-expression/4.1.9.RELEASE/spring-expression-4.1.9.RELEASE.jar:/Users/maxgolov/.m2/repository/org/mule/transports/mule-transport-file/3.8.5/mule-transport-file-3.8.5.jar:/Users/maxgolov/.m2/repository/org/mule/transports/mule-transport-http/3.8.5/mule-transport-http-3.8.5.jar:/Users/maxgolov/.m2/repository/org/mule/transports/mule-transport-ssl/3.8.5/mule-transport-ssl-3.8.5.jar:/Users/maxgolov/.m2/repository/commons-codec/commons-codec/1.9/commons-codec-1.9.jar:/Users/maxgolov/.m2/repository/commons-httpclient/commons-httpclient/3.1/commons-httpclient-3.1.jar:/Users/maxgolov/.m2/repository/org/apache/tomcat/coyote/6.0.53/coyote-6.0.53.jar:/Users/maxgolov/.m2/repository/org/apache/tomcat/juli/6.0.53/juli-6.0.53.jar:/Users/maxgolov/.m2/repository/org/samba/jcifs/jcifs/1.3.3/jcifs-1.3.3.jar:/Users/maxgolov/.m2/repository/joda-time/joda-time/2.9.1/joda-time-2.9.1.jar:/Users/maxgolov/.m2/repository/com/mulesoft/muleesb/transports/mule-transport-jdbc-ee/3.8.5/mule-transport-jdbc-ee-3.8.5.jar:/Users/maxgolov/.m2/repository/org/mule/transports/mule-transport-jdbc/3.8.5/mule-transport-jdbc-3.8.5.jar:/Users/maxgolov/.m2/repository/net/sf/flatpack/flatpack/3.1.1/flatpack-3.1.1.jar:/Users/maxgolov/.m2/repository/org/jdom/jdom/2.0.2/jdom-2.0.2.jar:/Users/maxgolov/.m2/repository/dom4j/dom4j/1.6.1/dom4j-1.6.1.jar:/Users/maxgolov/.m2/repository/com/mulesoft/muleesb/transports/mule-transport-jms-ee/3.8.5/mule-transport-jms-ee-3.8.5.jar:/Users/maxgolov/.m2/repository/org/mule/transports/mule-transport-vm/3.8.5/mule-transport-vm-3.8.5.jar:/Users/maxgolov/.m2/repository/org/mule/modules/mule-module-scripting/3.8.5/mule-module-scripting-3.8.5.jar:/Users/maxgolov/.m2/repository/org/springframework/spring-aop/4.1.9.RELEASE/spring-aop-4.1.9.RELEASE.jar:/Users/maxgolov/.m2/repository/aopalliance/aopalliance/1.0/aopalliance-1.0.jar:/Users/maxgolov/.m2/repository/org/mule/modules/mule-module-builders/3.8.5/mule-module-builders-3.8.5.jar:/Users/maxgolov/.m2/repository/org/springframework/spring-web/4.1.9.RELEASE/spring-web-4.1.9.RELEASE.jar:/Users/maxgolov/.m2/repository/org/codehaus/groovy/groovy-all/2.4.4/groovy-all-2.4.4-indy.jar:/Users/maxgolov/.m2/repository/org/python/jython-standalone/2.7.0/jython-standalone-2.7.0.jar:/Users/maxgolov/.m2/repository/javax/script/js-engine/1.1/js-engine-1.1-jdk14.jar:/Users/maxgolov/.m2/repository/org/mozilla/rhino/1.7R4/rhino-1.7R4.jar:/Users/maxgolov/.m2/repository/org/mule/modules/mule-module-scripting-jruby/3.8.5/mule-module-scripting-jruby-3.8.5.jar:/Users/maxgolov/.m2/repository/org/jruby/jruby-core/1.7.27/jruby-core-1.7.27.jar:/Users/maxgolov/.m2/repository/org/ow2/asm/asm-commons/5.0.3/asm-commons-5.0.3.jar:/Users/maxgolov/.m2/repository/org/ow2/asm/asm-tree/5.0.3/asm-tree-5.0.3.jar:/Users/maxgolov/.m2/repository/org/ow2/asm/asm-analysis/5.0.3/asm-analysis-5.0.3.jar:/Users/maxgolov/.m2/repository/org/ow2/asm/asm-util/5.0.3/asm-util-5.0.3.jar:/Users/maxgolov/.m2/repository/org/jruby/jruby-stdlib/1.7.27/jruby-stdlib-1.7.27.jar:/Users/maxgolov/.m2/repository/org/jruby/joni/joni/2.1.9/joni-2.1.9.jar:/Users/maxgolov/.m2/repository/com/github/jnr/jnr-netdb/1.1.2/jnr-netdb-1.1.2.jar:/Users/maxgolov/.m2/repository/com/github/jnr/jnr-enxio/0.9/jnr-enxio-0.9.jar:/Users/maxgolov/.m2/repository/com/github/jnr/jnr-x86asm/1.0.2/jnr-x86asm-1.0.2.jar:/Users/maxgolov/.m2/repository/com/github/jnr/jnr-unixsocket/0.8/jnr-unixsocket-0.8.jar:/Users/maxgolov/.m2/repository/com/github/jnr/jnr-posix/3.0.27/jnr-posix-3.0.27.jar:/Users/maxgolov/.m2/repository/org/jruby/extras/bytelist/1.0.11/bytelist-1.0.11.jar:/Users/maxgolov/.m2/repository/com/github/jnr/jnr-constants/0.9.0/jnr-constants-0.9.0.jar:/Users/maxgolov/.m2/repository/org/jruby/jcodings/jcodings/1.0.16/jcodings-1.0.16.jar:/Users/maxgolov/.m2/repository/com/github/jnr/jnr-ffi/2.0.5/jnr-ffi-2.0.5.jar:/Users/maxgolov/.m2/repository/com/github/jnr/jffi/1.2.10/jffi-1.2.10.jar:/Users/maxgolov/.m2/repository/com/github/jnr/jffi/1.2.10/jffi-1.2.10-native.jar:/Users/maxgolov/.m2/repository/org/yaml/snakeyaml/1.15/snakeyaml-1.15.jar:/Users/maxgolov/.m2/repository/com/jcraft/jzlib/1.1.3/jzlib-1.1.3.jar:/Users/maxgolov/.m2/repository/com/headius/invokebinder/1.2/invokebinder-1.2.jar:/Users/maxgolov/.m2/repository/com/headius/options/1.3/options-1.3.jar:/Users/maxgolov/.m2/repository/com/martiansoftware/nailgun-server/0.9.1/nailgun-server-0.9.1.jar:/Users/maxgolov/.m2/repository/org/jruby/yecht/1.1/yecht-1.1-jruby.jar:/Users/maxgolov/.m2/repository/org/mule/modules/mule-module-xml/3.8.5/mule-module-xml-3.8.5.jar:/Users/maxgolov/.m2/repository/commons-jxpath/commons-jxpath/1.3/commons-jxpath-1.3.jar:/Users/maxgolov/.m2/repository/com/thoughtworks/xstream/xstream/1.4.10/xstream-1.4.10.jar:/Users/maxgolov/.m2/repository/xmlpull/xmlpull/1.1.3.1/xmlpull-1.1.3.1.jar:/Users/maxgolov/.m2/repository/xpp3/xpp3_min/1.1.3.4.O/xpp3_min-1.1.3.4.O.jar:/Users/maxgolov/.m2/repository/org/codehaus/woodstox/woodstox-core-asl/4.4.1/woodstox-core-asl-4.4.1.jar:/Users/maxgolov/.m2/repository/jaxen/jaxen/1.1.1/jaxen-1.1.1.jar:/Users/maxgolov/.m2/repository/jdom/jdom/1.0/jdom-1.0.jar:/Users/maxgolov/.m2/repository/net/java/dev/stax-utils/stax-utils/20080702/stax-utils-20080702.jar:/Users/maxgolov/.m2/repository/net/sf/saxon/Saxon-HE/9.6.0-7/Saxon-HE-9.6.0-7.jar:/Users/maxgolov/.m2/repository/net/sf/saxon/Saxon-HE/9.6.0-7/Saxon-HE-9.6.0-7-xqj.jar:/Users/maxgolov/.m2/repository/javax/xml/xquery/xqj-api/1.0/xqj-api-1.0.jar:/Users/maxgolov/.m2/repository/org/apache/derby/derby/10.13.1.1/derby-10.13.1.1.jar:/Users/maxgolov/.m2/repository/org/apache/activemq/activemq-client/5.15.0/activemq-client-5.15.0.jar:/Users/maxgolov/.m2/repository/org/slf4j/slf4j-api/1.7.25/slf4j-api-1.7.25.jar:/Users/maxgolov/.m2/repository/org/apache/geronimo/specs/geronimo-jms_1.1_spec/1.1.1/geronimo-jms_1.1_spec-1.1.1.jar:/Users/maxgolov/.m2/repository/org/fusesource/hawtbuf/hawtbuf/1.11/hawtbuf-1.11.jar:/Users/maxgolov/.m2/repository/org/apache/geronimo/specs/geronimo-j2ee-management_1.1_spec/1.0.1/geronimo-j2ee-management_1.1_spec-1.0.1.jar:/Users/maxgolov/.m2/repository/org/apache/activemq/activemq-broker/5.15.0/activemq-broker-5.15.0.jar:/Users/maxgolov/.m2/repository/org/apache/activemq/activemq-openwire-legacy/5.15.0/activemq-openwire-legacy-5.15.0.jar:/Users/maxgolov/.m2/repository/com/google/guava/guava/18.0/guava-18.0.jar:/Users/maxgolov/.m2/repository/com/fasterxml/jackson/core/jackson-databind/2.6.7/jackson-databind-2.6.7.jar:/Users/maxgolov/.m2/repository/com/fasterxml/jackson/core/jackson-annotations/2.6.0/jackson-annotations-2.6.0.jar:/Users/maxgolov/.m2/repository/com/fasterxml/jackson/core/jackson-core/2.6.7/jackson-core-2.6.7.jar:/Users/maxgolov/.m2/repository/org/apache/activemq/activemq-kahadb-store/5.15.0/activemq-kahadb-store-5.15.0.jar:/Users/maxgolov/.m2/repository/org/apache/activemq/protobuf/activemq-protobuf/1.1/activemq-protobuf-1.1.jar:/Users/maxgolov/.m2/repository/commons-net/commons-net/3.6/commons-net-3.6.jar:/Users/maxgolov/.m2/repository/org/mule/tests/mule-tests-functional/3.8.5/mule-tests-functional-3.8.5.jar:/Users/maxgolov/.m2/repository/org/mule/modules/mule-module-extensions-support/3.8.5/mule-module-extensions-support-3.8.5.jar:/Users/maxgolov/.m2/repository/org/mule/extensions/mule-extensions-annotations/1.0.0-alpha-1/mule-extensions-annotations-1.0.0-alpha-1.jar:/Users/maxgolov/.m2/repository/org/springframework/spring-beans/4.1.9.RELEASE/spring-beans-4.1.9.RELEASE.jar:/Users/maxgolov/.m2/repository/junit/junit/4.12/junit-4.12.jar:/Users/maxgolov/.m2/repository/org/hamcrest/hamcrest-library/1.3/hamcrest-library-1.3.jar:/Users/maxgolov/.m2/repository/org/hamcrest/hamcrest-core/1.3/hamcrest-core-1.3.jar:/Users/maxgolov/.m2/repository/org/apache/ftpserver/ftpserver-core/1.0.6/ftpserver-core-1.0.6.jar:/Users/maxgolov/.m2/repository/org/apache/mina/mina-core/2.0.4/mina-core-2.0.4.jar:/Users/maxgolov/.m2/repository/org/apache/ftpserver/ftplet-api/1.0.6/ftplet-api-1.0.6.jar:/Users/maxgolov/.m2/repository/org/apache/sshd/sshd-core/1.0.0/sshd-core-1.0.0.jar:/Users/maxgolov/.m2/repository/org/bouncycastle/bcprov-jdk15on/1.56/bcprov-jdk15on-1.56.jar:/Users/maxgolov/.m2/repository/commons-dbutils/commons-dbutils/1.2/commons-dbutils-1.2.jar:/Users/maxgolov/.m2/repository/org/reflections/reflections/0.9.9/reflections-0.9.9.jar:/Users/maxgolov/.m2/repository/org/mule/mule-core/3.8.5/mule-core-3.8.5-tests.jar:/Users/maxgolov/.m2/repository/org/mockito/mockito-core/1.10.19/mockito-core-1.10.19.jar:/Users/maxgolov/.m2/repository/org/objenesis/objenesis/2.1/objenesis-2.1.jar:/Users/maxgolov/.m2/repository/org/mule/modules/mule-module-spring-config/3.8.5/mule-module-spring-config-3.8.5.jar:/Users/maxgolov/.m2/repository/org/mule/modules/mule-module-annotations/3.8.5/mule-module-annotations-3.8.5.jar:/Users/maxgolov/.m2/repository/cglib/cglib-nodep/2.2/cglib-nodep-2.2.jar:/Users/maxgolov/.m2/repository/cglib/cglib/3.2.2/cglib-3.2.2.jar:/Users/maxgolov/.m2/repository/org/ow2/asm/asm/5.0.4/asm-5.0.4.jar:/Users/maxgolov/.m2/repository/org/apache/ant/ant/1.9.6/ant-1.9.6.jar:/Users/maxgolov/.m2/repository/org/apache/ant/ant-launcher/1.9.6/ant-launcher-1.9.6.jar:/Users/maxgolov/.m2/repository/org/mule/modules/mule-module-http/3.8.5/mule-module-http-3.8.5.jar:/Users/maxgolov/.m2/repository/org/mule/transports/mule-transport-tcp/3.8.5/mule-transport-tcp-3.8.5.jar:/Users/maxgolov/.m2/repository/org/apache/geronimo/specs/geronimo-servlet_3.0_spec/1.0/geronimo-servlet_3.0_spec-1.0.jar:/Users/maxgolov/.m2/repository/org/glassfish/grizzly/grizzly-framework/2.3.29/grizzly-framework-2.3.29.jar:/Users/maxgolov/.m2/repository/org/glassfish/grizzly/grizzly-http-server/2.3.29/grizzly-http-server-2.3.29.jar:/Users/maxgolov/.m2/repository/org/glassfish/grizzly/grizzly-http/2.3.29/grizzly-http-2.3.29.jar:/Users/maxgolov/.m2/repository/org/glassfish/grizzly/connection-pool/2.3.29/connection-pool-2.3.29.jar:/Users/maxgolov/.m2/repository/javax/mail/mail/1.4.3/mail-1.4.3.jar:/Users/maxgolov/.m2/repository/com/ning/async-http-client/1.9.39/async-http-client-1.9.39.jar:/Users/maxgolov/.m2/repository/org/glassfish/grizzly/grizzly-websockets/2.3.29/grizzly-websockets-2.3.29.jar:/Users/maxgolov/.m2/repository/org/mule/modules/mule-module-db/3.8.5/mule-module-db-3.8.5.jar:/Users/maxgolov/.m2/repository/com/mchange/c3p0/0.9.5.2/c3p0-0.9.5.2.jar:/Users/maxgolov/.m2/repository/com/mchange/mchange-commons-java/0.2.11/mchange-commons-java-0.2.11.jar:/Users/maxgolov/.m2/repository/com/experlog/xapool/1.5.0/xapool-1.5.0.jar:/Users/maxgolov/.m2/repository/org/mule/common/mule-common/3.8.5/mule-common-3.8.5.jar:/Users/maxgolov/.m2/repository/org/mulesoft/xmlbeans/xmlbeans/2.3.2/xmlbeans-2.3.2.jar:/Users/maxgolov/.m2/repository/javax/xml/stream/stax-api/1.0-2/stax-api-1.0-2.jar:/Users/maxgolov/.m2/repository/org/json/json/20140107/json-20140107.jar:/Users/maxgolov/.m2/repository/org/antlr/antlr-runtime/3.5/antlr-runtime-3.5.jar:/Users/maxgolov/.m2/repository/org/antlr/stringtemplate/3.2.1/stringtemplate-3.2.1.jar:/Users/maxgolov/.m2/repository/org/mule/transports/mule-transport-jms/3.8.5/mule-transport-jms-3.8.5.jar:/Users/maxgolov/.m2/repository/org/springframework/spring-jms/4.1.9.RELEASE/spring-jms-4.1.9.RELEASE.jar:/Users/maxgolov/.m2/repository/org/springframework/spring-messaging/4.1.9.RELEASE/spring-messaging-4.1.9.RELEASE.jar:/Users/maxgolov/.m2/repository/org/springframework/spring-tx/4.1.9.RELEASE/spring-tx-4.1.9.RELEASE.jar:/Users/maxgolov/.m2/repository/org/mule/modules/mule-module-json/3.8.5/mule-module-json-3.8.5.jar:/Users/maxgolov/.m2/repository/org/mule/modules/mule-module-validation/3.8.5/mule-module-validation-3.8.5.jar:/Users/maxgolov/.m2/repository/commons-validator/commons-validator/1.4.0/commons-validator-1.4.0.jar:/Users/maxgolov/.m2/repository/commons-digester/commons-digester/1.8/commons-digester-1.8.jar:/Users/maxgolov/.m2/repository/org/mule/modules/mule-module-extensions-spring-support/3.8.5/mule-module-extensions-spring-support-3.8.5.jar:/Users/maxgolov/.m2/repository/org/codehaus/jackson/jackson-core-asl/1.9.11/jackson-core-asl-1.9.11.jar:/Users/maxgolov/.m2/repository/org/codehaus/jackson/jackson-mapper-asl/1.9.11/jackson-mapper-asl-1.9.11.jar:/Users/maxgolov/.m2/repository/org/codehaus/jackson/jackson-xc/1.9.11/jackson-xc-1.9.11.jar:/Users/maxgolov/.m2/repository/de/odysseus/staxon/staxon/1.2/staxon-1.2.jar:/Users/maxgolov/.m2/repository/org/codehaus/woodstox/stax2-api/3.1.4/stax2-api-3.1.4.jar:/Users/maxgolov/.m2/repository/com/github/fge/json-schema-validator/2.2.6/json-schema-validator-2.2.6.jar:/Users/maxgolov/.m2/repository/com/googlecode/libphonenumber/libphonenumber/6.2/libphonenumber-6.2.jar:/Users/maxgolov/.m2/repository/com/github/fge/json-schema-core/1.2.5/json-schema-core-1.2.5.jar:/Users/maxgolov/.m2/repository/com/github/fge/uri-template/0.9/uri-template-0.9.jar:/Users/maxgolov/.m2/repository/com/github/fge/msg-simple/1.1/msg-simple-1.1.jar:/Users/maxgolov/.m2/repository/com/github/fge/btf/1.2/btf-1.2.jar:/Users/maxgolov/.m2/repository/com/github/fge/jackson-coreutils/1.8/jackson-coreutils-1.8.jar:/Users/maxgolov/.m2/repository/javax/mail/mailapi/1.4.3/mailapi-1.4.3.jar:/Users/maxgolov/.m2/repository/net/sf/jopt-simple/jopt-simple/4.6/jopt-simple-4.6.jar:"/>
    <property name="sun.cpu.endian" value="little"/>
    <property name="user.home" value="/Users/maxgolov"/>
    <property name="user.language" value="en"/>
    <property name="java.specification.vendor" value="Oracle Corporation"/>
    <property name="java.home" value="/Library/Java/JavaVirtualMachines/jdk1.8.0_131.jdk/Contents/Home/jre"/>
    <property name="basedir" value="/Users/maxgolov/work/studio/APAdvance_20171002/maven-project"/>
    <property name="file.separator" value="/"/>
    <property name="line.separator" value="&#10;"/>
    <property name="java.vm.specification.vendor" value="Oracle Corporation"/>
    <property name="java.specification.name" value="Java Platform API Specification"/>
    <property name="java.awt.graphicsenv" value="sun.awt.CGraphicsEnvironment"/>
    <property name="surefire.real.class.path" value="/Users/maxgolov/work/studio/APAdvance_20171002/maven-project/target/surefire/surefirebooter1626378074942372524.jar"/>
    <property name="sun.boot.class.path" value="/Library/Java/JavaVirtualMachines/jdk1.8.0_131.jdk/Contents/Home/jre/lib/resources.jar:/Library/Java/JavaVirtualMachines/jdk1.8.0_131.jdk/Contents/Home/jre/lib/rt.jar:/Library/Java/JavaVirtualMachines/jdk1.8.0_131.jdk/Contents/Home/jre/lib/sunrsasign.jar:/Library/Java/JavaVirtualMachines/jdk1.8.0_131.jdk/Contents/Home/jre/lib/jsse.jar:/Library/Java/JavaVirtualMachines/jdk1.8.0_131.jdk/Contents/Home/jre/lib/jce.jar:/Library/Java/JavaVirtualMachines/jdk1.8.0_131.jdk/Contents/Home/jre/lib/charsets.jar:/Library/Java/JavaVirtualMachines/jdk1.8.0_131.jdk/Contents/Home/jre/lib/jfr.jar:/Library/Java/JavaVirtualMachines/jdk1.8.0_131.jdk/Contents/Home/jre/classes"/>
    <property name="sun.management.compiler" value="HotSpot 64-Bit Tiered Compilers"/>
    <property name="ftp.nonProxyHosts" value="local|*.local|169.254/16|*.169.254/16"/>
    <property name="java.runtime.version" value="1.8.0_131-b11"/>
    <property name="user.name" value="maxgolov"/>
    <property name="path.separator" value=":"/>
    <property name="os.version" value="10.12.6"/>
    <property name="java.endorsed.dirs" value="/Library/Java/JavaVirtualMachines/jdk1.8.0_131.jdk/Contents/Home/jre/lib/endorsed"/>
    <property name="java.runtime.name" value="Java(TM) SE Runtime Environment"/>
    <property name="file.encoding" value="UTF-8"/>
    <property name="java.vm.name" value="Java HotSpot(TM) 64-Bit Server VM"/>
    <property name="localRepository" value="/Users/maxgolov/.m2/repository"/>
    <property name="java.vendor.url.bug" value="http://bugreport.sun.com/bugreport/"/>
    <property name="java.io.tmpdir" value="/var/folders/k5/ly3yg2cn4sq3l_vg_cj7g7q80000gq/T/"/>
    <property name="java.version" value="1.8.0_131"/>
    <property name="user.dir" value="/Users/maxgolov/work/studio/APAdvance_20171002/maven-project"/>
    <property name="os.arch" value="x86_64"/>
    <property name="java.vm.specification.name" value="Java Virtual Machine Specification"/>
    <property name="java.awt.printerjob" value="sun.lwawt.macosx.CPrinterJob"/>
    <property name="sun.os.patch.level" value="unknown"/>
    <property name="java.library.path" value="/Users/maxgolov/Library/Java/Extensions:/Library/Java/Extensions:/Network/Library/Java/Extensions:/System/Library/Java/Extensions:/usr/lib/java:."/>
    <property name="java.vm.info" value="mixed mode"/>
    <property name="java.vendor" value="Oracle Corporation"/>
    <property name="java.vm.version" value="25.131-b11"/>
    <property name="java.ext.dirs" value="/Users/maxgolov/Library/Java/Extensions:/Library/Java/JavaVirtualMachines/jdk1.8.0_131.jdk/Contents/Home/jre/lib/ext:/Library/Java/Extensions:/Network/Library/Java/Extensions:/System/Library/Java/Extensions:/usr/lib/java"/>
    <property name="sun.io.unicode.encoding" value="UnicodeBig"/>
    <property name="java.class.version" value="52.0"/>
    <property name="socksNonProxyHosts" value="local|*.local|169.254/16|*.169.254/16"/>
  </properties>
  <testcase name="mavenFlowReturnsHelloMaven" classname="com.mulesoft.training.HelloMavenTest" time="5.598"/>
  <testcase name="retrieveFlightsAddsAppropriateHeader" classname="com.mulesoft.training.HelloMavenTest" time="1.128">
    <error type="java.lang.NullPointerException">java.lang.NullPointerException
	at com.mulesoft.training.HelloMavenTest.retrieveFlightsAddsAppropriateHeader(HelloMavenTest.java:23)
</error>
    <system-out><![CDATA[
================================================================================
= Testing: retrieveFlightsAddsAppropriateHeader                                =
================================================================================
INFO  2017-10-03 09:49:16,572 [Time-limited test] org.mule.tck.junit4.AbstractMuleContextTestCase: Using working directory for test: /var/folders/k5/ly3yg2cn4sq3l_vg_cj7g7q80000gq/T/junit2989597572506388158
INFO  2017-10-03 09:49:16,576 [Time-limited test] org.mule.lifecycle.AbstractLifecycleManager: Initialising RegistryBroker
INFO  2017-10-03 09:49:16,580 [Time-limited test] org.mule.config.spring.MuleArtifactContext: Refreshing org.mule.config.spring.MuleArtifactContext@499274eb: startup date [Tue Oct 03 09:49:16 CEST 2017]; root of context hierarchy
INFO  2017-10-03 09:49:16,813 [Time-limited test] org.mule.config.spring.processors.NoDevkitInjectorProcessor: JSR-330 'javax.inject.Inject' annotation found and supported for autowiring
WARN  2017-10-03 09:49:16,831 [Time-limited test] org.mule.expression.DefaultExpressionManager: Expression string is not an expression.  Use isExpression(String) to validate first
WARN  2017-10-03 09:49:16,831 [Time-limited test] org.mule.expression.DefaultExpressionManager: Expression string is not an expression.  Use isExpression(String) to validate first
INFO  2017-10-03 09:49:16,935 [Time-limited test] org.mule.util.journal.TransactionJournal: Using files for tx logs /private/var/folders/k5/ly3yg2cn4sq3l_vg_cj7g7q80000gq/T/junit2989597572506388158/queue-tx-log/tx1.log and /private/var/folders/k5/ly3yg2cn4sq3l_vg_cj7g7q80000gq/T/junit2989597572506388158/queue-tx-log/tx2.log
INFO  2017-10-03 09:49:16,936 [Time-limited test] org.mule.util.journal.TransactionJournal: Using files for tx logs /private/var/folders/k5/ly3yg2cn4sq3l_vg_cj7g7q80000gq/T/junit2989597572506388158/queue-xa-tx-log/tx1.log and /private/var/folders/k5/ly3yg2cn4sq3l_vg_cj7g7q80000gq/T/junit2989597572506388158/queue-xa-tx-log/tx2.log
INFO  2017-10-03 09:49:16,937 [Time-limited test] org.mule.lifecycle.AbstractLifecycleManager: Initialising connector: Active_MQ
INFO  2017-10-03 09:49:16,951 [Time-limited test] org.mule.lifecycle.AbstractLifecycleManager: Initialising model: _muleSystemModel
INFO  2017-10-03 09:49:16,953 [Time-limited test] org.mule.construct.FlowConstructLifecycleManager: Initialising flow: mavenFlow
INFO  2017-10-03 09:49:16,953 [Time-limited test] org.mule.exception.DefaultMessagingExceptionStrategy: Initialising exception listener: org.mule.exception.DefaultMessagingExceptionStrategy@34effe7c
INFO  2017-10-03 09:49:16,955 [Time-limited test] org.mule.processor.SedaStageLifecycleManager: Initialising service: mavenFlow.stage1
INFO  2017-10-03 09:49:16,956 [Time-limited test] org.mule.construct.FlowConstructLifecycleManager: Initialising flow: retreiveFlightsFlow
INFO  2017-10-03 09:49:16,956 [Time-limited test] org.mule.exception.DefaultMessagingExceptionStrategy: Initialising exception listener: org.mule.exception.DefaultMessagingExceptionStrategy@56cc7c1c
INFO  2017-10-03 09:49:16,959 [Time-limited test] org.mule.processor.SedaStageLifecycleManager: Initialising service: retreiveFlightsFlow.stage1
INFO  2017-10-03 09:49:16,960 [Time-limited test] org.mule.construct.FlowConstructLifecycleManager: Initialising flow: logFlights
INFO  2017-10-03 09:49:16,960 [Time-limited test] org.mule.exception.DefaultMessagingExceptionStrategy: Initialising exception listener: org.mule.exception.DefaultMessagingExceptionStrategy@6e38d5d8
INFO  2017-10-03 09:49:16,962 [Time-limited test] org.mule.processor.SedaStageLifecycleManager: Initialising service: logFlights.stage1
INFO  2017-10-03 09:49:17,000 [Time-limited test] org.mule.config.spring.SpringXmlConfigurationBuilder: Configured Mule using "org.mule.config.spring.SpringXmlConfigurationBuilder" with configuration resource(s): "[ConfigResource{resourceName='maven-project.xml'}]"
INFO  2017-10-03 09:49:17,002 [Time-limited test] org.mule.util.queue.QueueXaResourceManager: Starting ResourceManager
INFO  2017-10-03 09:49:17,002 [Time-limited test] org.mule.util.queue.QueueXaResourceManager: Started ResourceManager
INFO  2017-10-03 09:49:17,009 [Time-limited test] org.mule.module.http.internal.listener.DefaultHttpListenerConfig: Listening for requests on http://0.0.0.0:8081
WARN  2017-10-03 09:49:17,022 [Time-limited test] org.apache.activemq.broker.BrokerService: Store limit is 102400 mb (current store usage is 0 mb). The data directory: /Users/maxgolov/work/studio/APAdvance_20171002/maven-project/activemq-data/localhost/KahaDB only has 97388 mb of usable space. - resetting to maximum available disk space: 97388 mb
INFO  2017-10-03 09:49:17,028 [Time-limited test] org.mule.transport.jms.activemq.ActiveMQJmsConnector: Connected: ActiveMQJmsConnector
{
  name=Active_MQ
  lifecycle=initialise
  this=5fae128d
  numberOfConcurrentTransactedReceivers=4
  createMultipleTransactedReceivers=true
  connected=true
  supportedProtocols=[jms]
  serviceOverrides=<none>
}

INFO  2017-10-03 09:49:17,028 [Time-limited test] org.mule.transport.jms.activemq.ActiveMQJmsConnector: Starting: ActiveMQJmsConnector
{
  name=Active_MQ
  lifecycle=initialise
  this=5fae128d
  numberOfConcurrentTransactedReceivers=4
  createMultipleTransactedReceivers=true
  connected=true
  supportedProtocols=[jms]
  serviceOverrides=<none>
}

INFO  2017-10-03 09:49:17,028 [Time-limited test] org.mule.lifecycle.AbstractLifecycleManager: Starting connector: Active_MQ
INFO  2017-10-03 09:49:17,030 [Time-limited test] org.mule.lifecycle.AbstractLifecycleManager: Starting model: _muleSystemModel
INFO  2017-10-03 09:49:17,030 [Time-limited test] org.mule.construct.FlowConstructLifecycleManager: Starting flow: mavenFlow
INFO  2017-10-03 09:49:17,030 [Time-limited test] org.mule.processor.SedaStageLifecycleManager: Starting service: mavenFlow.stage1
INFO  2017-10-03 09:49:17,032 [Time-limited test] org.mule.construct.FlowConstructLifecycleManager: Starting flow: retreiveFlightsFlow
INFO  2017-10-03 09:49:17,032 [Time-limited test] org.mule.processor.SedaStageLifecycleManager: Starting service: retreiveFlightsFlow.stage1
INFO  2017-10-03 09:49:17,034 [Time-limited test] org.mule.construct.FlowConstructLifecycleManager: Starting flow: logFlights
INFO  2017-10-03 09:49:17,034 [Time-limited test] org.mule.processor.SedaStageLifecycleManager: Starting service: logFlights.stage1
INFO  2017-10-03 09:49:17,041 [Time-limited test] org.mule.transport.jms.activemq.ActiveMQJmsConnector: Registering listener: logFlights on endpointUri: jms://flights
INFO  2017-10-03 09:49:17,041 [Time-limited test] org.mule.transport.service.DefaultTransportServiceDescriptor: Loading default inbound transformer: org.mule.transport.jms.transformers.JMSMessageToObject
INFO  2017-10-03 09:49:17,041 [Time-limited test] org.mule.transport.service.DefaultTransportServiceDescriptor: Loading default response transformer: org.mule.transport.jms.transformers.ObjectToJMSMessage
INFO  2017-10-03 09:49:17,042 [Time-limited test] org.mule.lifecycle.AbstractLifecycleManager: Initialising: 'null'. Object is: MultiConsumerJmsMessageReceiver
INFO  2017-10-03 09:49:17,042 [Time-limited test] org.mule.transport.jms.MultiConsumerJmsMessageReceiver: Connecting clusterizable message receiver
INFO  2017-10-03 09:49:17,047 [Time-limited test] org.mule.transport.jms.MultiConsumerJmsMessageReceiver: Endpoint jms://flights has been successfully reconnected.
INFO  2017-10-03 09:49:17,047 [Time-limited test] org.mule.lifecycle.AbstractLifecycleManager: Starting: 'null'. Object is: MultiConsumerJmsMessageReceiver
INFO  2017-10-03 09:49:17,047 [Time-limited test] org.mule.transport.jms.MultiConsumerJmsMessageReceiver: Starting clusterizable message receiver
INFO  2017-10-03 09:49:17,049 [Time-limited test] org.mule.DefaultMuleContext: 
**********************************************************************
* Mule Runtime and Integration Platform                              *
* Version: 3.8.5 Build: 92091ca2                                     *
* MuleSoft, Inc.                                                     *
* For more information go to http://www.mulesoft.org                 *
*                                                                    *
* Server started: 10/3/17 9:49 AM                                    *
* Server ID: 5b2cadc0-a80f-11e7-94ed-000c6c07b409                    *
* JDK: 1.8.0_131 (mixed mode)                                        *
* OS encoding: UTF-8, Mule encoding: UTF-8                           *
* OS: Mac OS X (10.12.6, x86_64)                                     *
* Host: AMS-MGOLOV-OSX (192.168.0.122)                               *
*                                                                    *
* Agents Running: None                                               *
**********************************************************************
WARN  2017-10-03 09:49:17,049 [Time-limited test] org.mule.model.seda.SedaModel: The <model> element is deprecated in Mule 3.4 and will be removed in Mule 4.0.  Flows do not need to be configured inside a <model> element. 
INFO  2017-10-03 09:49:17,049 [Time-limited test] org.mule.lifecycle.AbstractLifecycleManager: Initialising model: main
INFO  2017-10-03 09:49:17,049 [Time-limited test] org.mule.lifecycle.AbstractLifecycleManager: Starting model: main
WARN  2017-10-03 09:49:17,050 [Time-limited test] org.mule.model.seda.SedaService: Services (SedaService or any custom implementation) are deprecated in Mule 3.4 and will be removed in Mule 4.0. 
INFO  2017-10-03 09:49:17,050 [Time-limited test] org.mule.service.ServiceLifecycleManager: Initialising service: appleService
INFO  2017-10-03 09:49:17,052 [Time-limited test] org.mule.exception.DefaultMessagingExceptionStrategy: Initialising exception listener: org.mule.exception.DefaultMessagingExceptionStrategy@24b54089
INFO  2017-10-03 09:49:17,052 [Time-limited test] org.mule.component.ComponentLifecycleManager: Initialising component: component.2038315206
INFO  2017-10-03 09:49:17,052 [Time-limited test] org.mule.processor.SedaStageLifecycleManager: Initialising service: appleService
INFO  2017-10-03 09:49:17,052 [Time-limited test] org.mule.service.ServiceLifecycleManager: Starting service: appleService
INFO  2017-10-03 09:49:17,052 [Time-limited test] org.mule.component.ComponentLifecycleManager: Starting component: component.2038315206
INFO  2017-10-03 09:49:17,053 [Time-limited test] org.mule.processor.SedaStageLifecycleManager: Starting service: appleService
INFO  2017-10-03 09:49:17,055 [Time-limited test] org.mule.lifecycle.AbstractLifecycleManager: Initialising connector: testConnector
INFO  2017-10-03 09:49:17,063 [Time-limited test] org.mule.tck.testmodels.mule.TestConnector: Connected: TestConnector
{
  name=testConnector
  lifecycle=initialise
  this=1d3d4e9e
  numberOfConcurrentTransactedReceivers=4
  createMultipleTransactedReceivers=true
  connected=true
  supportedProtocols=[test]
  serviceOverrides=<none>
}

INFO  2017-10-03 09:49:17,063 [Time-limited test] org.mule.tck.testmodels.mule.TestConnector: Starting: TestConnector
{
  name=testConnector
  lifecycle=initialise
  this=1d3d4e9e
  numberOfConcurrentTransactedReceivers=4
  createMultipleTransactedReceivers=true
  connected=true
  supportedProtocols=[test]
  serviceOverrides=<none>
}

INFO  2017-10-03 09:49:17,063 [Time-limited test] org.mule.lifecycle.AbstractLifecycleManager: Starting connector: testConnector
INFO  2017-10-03 09:49:17,065 [Time-limited test] org.mule.construct.FlowConstructLifecycleManager: Stopping flow: mavenFlow
INFO  2017-10-03 09:49:17,065 [Time-limited test] org.mule.processor.SedaStageLifecycleManager: Stopping service: mavenFlow.stage1
INFO  2017-10-03 09:49:17,234 [Time-limited test] org.mule.construct.FlowConstructLifecycleManager: Stopping flow: retreiveFlightsFlow
INFO  2017-10-03 09:49:17,234 [Time-limited test] org.mule.processor.SedaStageLifecycleManager: Stopping service: retreiveFlightsFlow.stage1
INFO  2017-10-03 09:49:17,239 [Time-limited test] org.mule.construct.FlowConstructLifecycleManager: Stopping flow: logFlights
INFO  2017-10-03 09:49:17,239 [Time-limited test] org.mule.transport.jms.activemq.ActiveMQJmsConnector: Removing listener on endpointUri: jms://flights
INFO  2017-10-03 09:49:17,239 [Time-limited test] org.mule.lifecycle.AbstractLifecycleManager: Stopping: 'null'. Object is: MultiConsumerJmsMessageReceiver
INFO  2017-10-03 09:49:17,239 [Time-limited test] org.mule.lifecycle.AbstractLifecycleManager: Disposing: 'null'. Object is: MultiConsumerJmsMessageReceiver
INFO  2017-10-03 09:49:17,240 [Time-limited test] org.mule.processor.SedaStageLifecycleManager: Stopping service: logFlights.stage1
INFO  2017-10-03 09:49:17,443 [Time-limited test] org.mule.service.ServiceLifecycleManager: Stopping service: appleService
INFO  2017-10-03 09:49:17,443 [Time-limited test] org.mule.processor.SedaStageLifecycleManager: Stopping service: appleService
INFO  2017-10-03 09:49:17,459 [Time-limited test] org.mule.component.ComponentLifecycleManager: Stopping component: component.2038315206
INFO  2017-10-03 09:49:17,460 [Time-limited test] org.mule.lifecycle.AbstractLifecycleManager: Stopping model: _muleSystemModel
INFO  2017-10-03 09:49:17,461 [Time-limited test] org.mule.lifecycle.AbstractLifecycleManager: Stopping connector: Active_MQ
INFO  2017-10-03 09:49:17,462 [Time-limited test] org.mule.module.http.internal.listener.DefaultHttpListenerConfig: Stopped listener on http://0.0.0.0:8081
INFO  2017-10-03 09:49:17,463 [Time-limited test] org.mule.util.queue.QueueXaResourceManager: Stopping ResourceManager
INFO  2017-10-03 09:49:17,463 [Time-limited test] org.mule.util.queue.QueueXaResourceManager: Stopped ResourceManager
INFO  2017-10-03 09:49:17,464 [Time-limited test] org.mule.lifecycle.AbstractLifecycleManager: Disposing RegistryBroker
INFO  2017-10-03 09:49:17,464 [Time-limited test] org.mule.construct.FlowConstructLifecycleManager: Disposing flow: mavenFlow
INFO  2017-10-03 09:49:17,464 [Time-limited test] org.mule.processor.SedaStageLifecycleManager: Disposing service: mavenFlow.stage1
INFO  2017-10-03 09:49:17,464 [Time-limited test] org.mule.construct.FlowConstructLifecycleManager: Disposing flow: retreiveFlightsFlow
INFO  2017-10-03 09:49:17,464 [Time-limited test] org.mule.processor.SedaStageLifecycleManager: Disposing service: retreiveFlightsFlow.stage1
INFO  2017-10-03 09:49:17,464 [Time-limited test] org.mule.construct.FlowConstructLifecycleManager: Disposing flow: logFlights
INFO  2017-10-03 09:49:17,464 [Time-limited test] org.mule.processor.SedaStageLifecycleManager: Disposing service: logFlights.stage1
INFO  2017-10-03 09:49:17,465 [Time-limited test] org.mule.service.ServiceLifecycleManager: Disposing service: appleService
INFO  2017-10-03 09:49:17,465 [Time-limited test] org.mule.component.ComponentLifecycleManager: Disposing component: component.2038315206
INFO  2017-10-03 09:49:17,465 [Time-limited test] org.mule.processor.SedaStageLifecycleManager: Disposing service: appleService
INFO  2017-10-03 09:49:17,466 [Time-limited test] org.mule.lifecycle.AbstractLifecycleManager: Disposing model: _muleSystemModel
INFO  2017-10-03 09:49:17,474 [Time-limited test] org.mule.transport.jms.activemq.ActiveMQJmsConnector: Disconnected: ActiveMQJmsConnector
{
  name=Active_MQ
  lifecycle=stop
  this=5fae128d
  numberOfConcurrentTransactedReceivers=4
  createMultipleTransactedReceivers=true
  connected=true
  supportedProtocols=[jms]
  serviceOverrides=<none>
}

INFO  2017-10-03 09:49:17,475 [Time-limited test] org.mule.lifecycle.AbstractLifecycleManager: Disposing connector: Active_MQ
INFO  2017-10-03 09:49:17,490 [Time-limited test] org.mule.config.spring.MuleArtifactContext: Closing org.mule.config.spring.MuleArtifactContext@499274eb: startup date [Tue Oct 03 09:49:16 CEST 2017]; root of context hierarchy
INFO  2017-10-03 09:49:17,680 [Time-limited test] org.mule.DefaultMuleContext: 
**********************************************************************
* Mule Context shut down normally on: 10/3/17 9:49 AM                *
* Server was up for: 0 days, 0 hours, 0 mins, 0.679 sec              *
**********************************************************************
]]></system-out>
  </testcase>
</testsuite>